<?xml version="1.0" encoding="UTF-8"?>
<!-- Generated by org.testng.reporters.JUnitReportReporter -->
<testsuite hostname="DESKTOP-0KGFQH7" failures="0" tests="3" name="practise.test.GetProductData" time="88.487" errors="0" timestamp="2025-11-06T15:43:37 IST" skipped="0">
  <testcase classname="practise.test.GetProductData" name="getProductInfoTest" time="28.565"/>
  <testcase classname="practise.test.GetProductData" name="getProductInfoTest" time="46.969"/>
  <testcase classname="practise.test.GetProductData" name="getProductInfoTest" time="12.953"/>
</testsuite> <!-- practise.test.GetProductData -->
