<?xml version="1.0" encoding="UTF-8"?>
<!-- Generated by org.testng.reporters.JUnitReportReporter -->
<testsuite hostname="DESKTOP-0KGFQH7" failures="0" tests="3" name="com.comcast.crm.createOrgTest.CreateOrgTest" time="32.564" errors="0" timestamp="2025-11-21T11:15:16 IST" skipped="0">
  <testcase classname="com.comcast.crm.createOrgTest.CreateOrgTest" name="createOrgwithPhoneNumber" time="8.987">
    <system-out>
      <![CDATA[9999999999===phone number is verified successfully===]]>
    </system-out>
  </testcase> <!-- createOrgwithPhoneNumber -->
  <testcase classname="com.comcast.crm.createOrgTest.CreateOrgTest" name="createOrgwithIndusrty" time="11.853">
    <system-out>
      <![CDATA[Electronics industry Name is correct
Integratorfor Indusrty type is correct]]>
    </system-out>
  </testcase> <!-- createOrgwithIndusrty -->
  <testcase classname="com.comcast.crm.createOrgTest.CreateOrgTest" name="createOrg" time="11.724">
    <system-out>
      <![CDATA[[ ACC41292 ] SnapDeal_41 - Organization Information created successfully]]>
    </system-out>
  </testcase> <!-- createOrg -->
  <system-out>
    <![CDATA[[ ACC41292 ] SnapDeal_41 - Organization Information created successfully
Electronics industry Name is correct
Integratorfor Indusrty type is correct
9999999999===phone number is verified successfully===]]>
  </system-out>
</testsuite> <!-- com.comcast.crm.createOrgTest.CreateOrgTest -->
