<?xml version="1.0" encoding="UTF-8"?>
<!-- Generated by org.testng.reporters.JUnitReportReporter -->
<testsuite hostname="DESKTOP-0KGFQH7" failures="0" tests="3" name="com.comcast.crm.createContactTest.CreateOrgWithContactAndSelectOrgName" time="39.481" errors="0" timestamp="2025-11-21T12:39:43 IST" skipped="0">
  <testcase classname="com.comcast.crm.createContactTest.CreateOrgWithContactAndSelectOrgName" name="createcontactwithSupportDate" time="15.317">
    <system-out>
      <![CDATA[contact created successfully with support Date]]>
    </system-out>
  </testcase> <!-- createcontactwithSupportDate -->
  <testcase classname="com.comcast.crm.createContactTest.CreateOrgWithContactAndSelectOrgName" name="createCampaign" time="10.598">
    <system-out>
      <![CDATA[festiveOffer_92 campaign created successfully]]>
    </system-out>
  </testcase> <!-- createCampaign -->
  <testcase classname="com.comcast.crm.createContactTest.CreateOrgWithContactAndSelectOrgName" name="createOrgwithcontact" time="13.566">
    <system-out>
      <![CDATA[contact is created with org name successfully]]>
    </system-out>
  </testcase> <!-- createOrgwithcontact -->
  <system-out>
    <![CDATA[festiveOffer_92 campaign created successfully
contact is created with org name successfully
contact created successfully with support Date]]>
  </system-out>
</testsuite> <!-- com.comcast.crm.createContactTest.CreateOrgWithContactAndSelectOrgName -->
