<?xml version="1.0" encoding="UTF-8"?>
<!-- Generated by org.testng.reporters.JUnitReportReporter -->
<testsuite hostname="DESKTOP-0KGFQH7" failures="0" tests="2" name="practise.test.SampleClassForListener" time="42.295" errors="0" timestamp="2025-11-13T11:37:35 IST" skipped="0">
  <testcase classname="practise.test.SampleClassForListener" name="sample1" time="21.758"/>
  <testcase classname="practise.test.SampleClassForListener" name="sample" time="20.537"/>
</testsuite> <!-- practise.test.SampleClassForListener -->
