<?xml version="1.0" encoding="UTF-8"?>
<testng-results ignored="0" total="1" passed="0" failed="1" skipped="0">
  <reporter-output>
  </reporter-output>
  <suite started-at="2025-11-25T14:57:24 IST" name="Suite" finished-at="2025-11-25T14:57:43 IST" duration-ms="18494">
    <groups>
    </groups>
    <test started-at="2025-11-25T14:57:24 IST" name="Test" finished-at="2025-11-25T14:57:43 IST" duration-ms="18494">
      <class name="practise.test.Sample1_Test">
        <test-method is-config="true" signature="configBS()[pri:0, instance:practise.test.Sample1_Test@3cc2931c]" started-at="2025-11-25T14:57:24 IST" name="configBS" finished-at="2025-11-25T14:57:24 IST" duration-ms="15" status="PASS">
          <reporter-output>
          </reporter-output>
        </test-method> <!-- configBS -->
        <test-method is-config="true" signature="configBT()[pri:0, instance:practise.test.Sample1_Test@3cc2931c]" started-at="2025-11-25T14:57:24 IST" name="configBT" finished-at="2025-11-25T14:57:24 IST" duration-ms="0" status="PASS">
          <reporter-output>
          </reporter-output>
        </test-method> <!-- configBT -->
        <test-method is-config="true" signature="configBC(java.lang.String)[pri:0, instance:practise.test.Sample1_Test@3cc2931c]" started-at="2025-11-25T14:57:24 IST" name="configBC" finished-at="2025-11-25T14:57:32 IST" duration-ms="7808" status="PASS">
          <params>
            <param index="0">
              <value>
                <![CDATA[chrome]]>
              </value>
            </param>
          </params>
          <reporter-output>
          </reporter-output>
        </test-method> <!-- configBC -->
        <test-method is-config="true" signature="configBM()[pri:0, instance:practise.test.Sample1_Test@3cc2931c]" started-at="2025-11-25T14:57:32 IST" name="configBM" finished-at="2025-11-25T14:57:35 IST" duration-ms="3200" status="PASS">
          <reporter-output>
          </reporter-output>
        </test-method> <!-- configBM -->
        <test-method signature="sampleTest()[pri:0, instance:practise.test.Sample1_Test@3cc2931c]" started-at="2025-11-25T14:57:35 IST" name="sampleTest" finished-at="2025-11-25T14:57:37 IST" duration-ms="1571" status="FAIL">
          <exception class="java.lang.AssertionError">
            <message>
              <![CDATA[expected [Admin123@ Administrator1 - Home - vtiger CRM 5 - Commercial Open Source CRM] but found [home]]]>
            </message>
            <full-stacktrace>
              <![CDATA[java.lang.AssertionError: expected [Admin123@ Administrator1 - Home - vtiger CRM 5 - Commercial Open Source CRM] but found [home]
at org.testng.Assert.fail(Assert.java:111)
at org.testng.Assert.failNotEquals(Assert.java:1578)
at org.testng.Assert.assertEqualsImpl(Assert.java:150)
at org.testng.Assert.assertEquals(Assert.java:132)
at org.testng.Assert.assertEquals(Assert.java:656)
at org.testng.Assert.assertEquals(Assert.java:666)
at practise.test.Sample1_Test.sampleTest(Sample1_Test.java:18)
at java.base/jdk.internal.reflect.DirectMethodHandleAccessor.invoke(DirectMethodHandleAccessor.java:104)
at java.base/java.lang.reflect.Method.invoke(Method.java:565)
at org.testng.internal.invokers.MethodInvocationHelper.invokeMethod(MethodInvocationHelper.java:139)
at org.testng.internal.invokers.TestInvoker.invokeMethod(TestInvoker.java:664)
at org.testng.internal.invokers.TestInvoker.invokeTestMethod(TestInvoker.java:227)
at org.testng.internal.invokers.MethodRunner.runInSequence(MethodRunner.java:50)
at org.testng.internal.invokers.TestInvoker$MethodInvocationAgent.invoke(TestInvoker.java:957)
at org.testng.internal.invokers.TestInvoker.invokeTestMethods(TestInvoker.java:200)
at org.testng.internal.invokers.TestMethodWorker.invokeTestMethods(TestMethodWorker.java:148)
at org.testng.internal.invokers.TestMethodWorker.run(TestMethodWorker.java:128)
at java.base/java.util.ArrayList.forEach(ArrayList.java:1604)
at org.testng.TestRunner.privateRun(TestRunner.java:848)
at org.testng.TestRunner.run(TestRunner.java:621)
at org.testng.SuiteRunner.runTest(SuiteRunner.java:443)
at org.testng.SuiteRunner.runSequentially(SuiteRunner.java:437)
at org.testng.SuiteRunner.privateRun(SuiteRunner.java:397)
at org.testng.SuiteRunner.run(SuiteRunner.java:336)
at org.testng.SuiteRunnerWorker.runSuite(SuiteRunnerWorker.java:52)
at org.testng.SuiteRunnerWorker.run(SuiteRunnerWorker.java:95)
at org.testng.TestNG.runSuitesSequentially(TestNG.java:1280)
at org.testng.TestNG.runSuitesLocally(TestNG.java:1200)
at org.testng.TestNG.runSuites(TestNG.java:1114)
at org.testng.TestNG.run(TestNG.java:1082)
at org.apache.maven.surefire.testng.TestNGExecutor.run(TestNGExecutor.java:308)
at org.apache.maven.surefire.testng.TestNGXmlTestSuite.execute(TestNGXmlTestSuite.java:71)
at org.apache.maven.surefire.testng.TestNGProvider.invoke(TestNGProvider.java:113)
at org.apache.maven.surefire.booter.ForkedBooter.runSuitesInProcess(ForkedBooter.java:385)
at org.apache.maven.surefire.booter.ForkedBooter.execute(ForkedBooter.java:162)
at org.apache.maven.surefire.booter.ForkedBooter.run(ForkedBooter.java:507)
at org.apache.maven.surefire.booter.ForkedBooter.main(ForkedBooter.java:495)
]]>
            </full-stacktrace>
          </exception> <!-- java.lang.AssertionError -->
          <reporter-output>
          </reporter-output>
        </test-method> <!-- sampleTest -->
        <test-method is-config="true" signature="configAM()[pri:0, instance:practise.test.Sample1_Test@3cc2931c]" started-at="2025-11-25T14:57:37 IST" name="configAM" finished-at="2025-11-25T14:57:42 IST" duration-ms="4920" status="PASS">
          <reporter-output>
          </reporter-output>
        </test-method> <!-- configAM -->
        <test-method is-config="true" signature="configAC()[pri:0, instance:practise.test.Sample1_Test@3cc2931c]" started-at="2025-11-25T14:57:42 IST" name="configAC" finished-at="2025-11-25T14:57:43 IST" duration-ms="537" status="PASS">
          <reporter-output>
          </reporter-output>
        </test-method> <!-- configAC -->
        <test-method is-config="true" signature="configAT()[pri:0, instance:practise.test.Sample1_Test@3cc2931c]" started-at="2025-11-25T14:57:43 IST" name="configAT" finished-at="2025-11-25T14:57:43 IST" duration-ms="1" status="PASS">
          <reporter-output>
          </reporter-output>
        </test-method> <!-- configAT -->
        <test-method is-config="true" signature="configAS()[pri:0, instance:practise.test.Sample1_Test@3cc2931c]" started-at="2025-11-25T14:57:43 IST" name="configAS" finished-at="2025-11-25T14:57:43 IST" duration-ms="0" status="PASS">
          <reporter-output>
          </reporter-output>
        </test-method> <!-- configAS -->
      </class> <!-- practise.test.Sample1_Test -->
    </test> <!-- Test -->
  </suite> <!-- Suite -->
</testng-results>
