<?xml version="1.0" encoding="UTF-8"?>
<testng-results ignored="0" total="3" passed="3" failed="0" skipped="0">
  <reporter-output>
    <line>
      <![CDATA[festiveOffer_381 campaign created successfully]]>
    </line>
    <line>
      <![CDATA[contact is created with org name successfully]]>
    </line>
    <line>
      <![CDATA[[ ACC41460 ] SnapDeal_333 - Organization Information created successfully]]>
    </line>
  </reporter-output>
  <suite started-at="2025-11-25T12:29:24 IST" name="Suite" finished-at="2025-11-25T12:31:22 IST" duration-ms="117865">
    <groups>
      <group name="smokeTest">
        <method signature="CreateOrgWithContactTest.createCampaign()[pri:0, instance:com.comcast.crm.createContactTest.CreateOrgWithContactTest@3eb7fc54]" name="createCampaign" class="com.comcast.crm.createContactTest.CreateOrgWithContactTest"/>
        <method signature="CreateOrgWithContactTest.createOrgwithcontact()[pri:0, instance:com.comcast.crm.createContactTest.CreateOrgWithContactTest@3eb7fc54]" name="createOrgwithcontact" class="com.comcast.crm.createContactTest.CreateOrgWithContactTest"/>
        <method signature="CreateOrgTest.createOrg()[pri:0, instance:com.comcast.crm.createOrgTest.CreateOrgTest@1b1473ab]" name="createOrg" class="com.comcast.crm.createOrgTest.CreateOrgTest"/>
      </group> <!-- smokeTest -->
    </groups>
    <test started-at="2025-11-25T12:29:24 IST" name="Test" finished-at="2025-11-25T12:31:22 IST" duration-ms="117865">
      <class name="com.comcast.crm.createContactTest.CreateOrgWithContactTest">
        <test-method is-config="true" signature="configBS()[pri:0, instance:com.comcast.crm.createContactTest.CreateOrgWithContactTest@3eb7fc54]" started-at="2025-11-25T12:29:24 IST" name="configBS" finished-at="2025-11-25T12:29:24 IST" duration-ms="26" status="PASS">
          <reporter-output>
          </reporter-output>
        </test-method> <!-- configBS -->
        <test-method is-config="true" signature="configBT()[pri:0, instance:com.comcast.crm.createContactTest.CreateOrgWithContactTest@3eb7fc54]" started-at="2025-11-25T12:29:24 IST" name="configBT" finished-at="2025-11-25T12:29:24 IST" duration-ms="1" status="PASS">
          <reporter-output>
          </reporter-output>
        </test-method> <!-- configBT -->
        <test-method is-config="true" signature="configBC(java.lang.String)[pri:0, instance:com.comcast.crm.createContactTest.CreateOrgWithContactTest@3eb7fc54]" started-at="2025-11-25T12:29:24 IST" name="configBC" finished-at="2025-11-25T12:29:32 IST" duration-ms="8476" status="PASS">
          <params>
            <param index="0">
              <value>
                <![CDATA[chrome]]>
              </value>
            </param>
          </params>
          <reporter-output>
          </reporter-output>
        </test-method> <!-- configBC -->
        <test-method is-config="true" signature="configBM()[pri:0, instance:com.comcast.crm.createContactTest.CreateOrgWithContactTest@3eb7fc54]" started-at="2025-11-25T12:29:32 IST" name="configBM" finished-at="2025-11-25T12:29:42 IST" duration-ms="9972" status="PASS">
          <reporter-output>
          </reporter-output>
        </test-method> <!-- configBM -->
        <test-method signature="createCampaign()[pri:0, instance:com.comcast.crm.createContactTest.CreateOrgWithContactTest@3eb7fc54]" started-at="2025-11-25T12:29:42 IST" name="createCampaign" finished-at="2025-11-25T12:29:50 IST" duration-ms="7249" status="PASS">
          <reporter-output>
            <line>
              <![CDATA[festiveOffer_381 campaign created successfully]]>
            </line>
          </reporter-output>
        </test-method> <!-- createCampaign -->
        <test-method is-config="true" signature="configAM()[pri:0, instance:com.comcast.crm.createContactTest.CreateOrgWithContactTest@3eb7fc54]" started-at="2025-11-25T12:29:50 IST" name="configAM" finished-at="2025-11-25T12:29:55 IST" duration-ms="5153" status="PASS">
          <reporter-output>
          </reporter-output>
        </test-method> <!-- configAM -->
        <test-method is-config="true" signature="configBM()[pri:0, instance:com.comcast.crm.createContactTest.CreateOrgWithContactTest@3eb7fc54]" started-at="2025-11-25T12:29:55 IST" name="configBM" finished-at="2025-11-25T12:29:58 IST" duration-ms="2823" status="PASS">
          <reporter-output>
          </reporter-output>
        </test-method> <!-- configBM -->
        <test-method signature="createOrgwithcontact()[pri:0, instance:com.comcast.crm.createContactTest.CreateOrgWithContactTest@3eb7fc54]" started-at="2025-11-25T12:29:58 IST" name="createOrgwithcontact" finished-at="2025-11-25T12:30:10 IST" duration-ms="12311" status="PASS">
          <reporter-output>
            <line>
              <![CDATA[contact is created with org name successfully]]>
            </line>
          </reporter-output>
        </test-method> <!-- createOrgwithcontact -->
        <test-method is-config="true" signature="configAM()[pri:0, instance:com.comcast.crm.createContactTest.CreateOrgWithContactTest@3eb7fc54]" started-at="2025-11-25T12:30:10 IST" name="configAM" finished-at="2025-11-25T12:30:16 IST" duration-ms="5965" status="PASS">
          <reporter-output>
          </reporter-output>
        </test-method> <!-- configAM -->
        <test-method is-config="true" signature="configAC()[pri:0, instance:com.comcast.crm.createContactTest.CreateOrgWithContactTest@3eb7fc54]" started-at="2025-11-25T12:30:16 IST" name="configAC" finished-at="2025-11-25T12:30:17 IST" duration-ms="1034" status="PASS">
          <reporter-output>
          </reporter-output>
        </test-method> <!-- configAC -->
        <test-method is-config="true" signature="configAT()[pri:0, instance:com.comcast.crm.createContactTest.CreateOrgWithContactTest@3eb7fc54]" started-at="2025-11-25T12:31:22 IST" name="configAT" finished-at="2025-11-25T12:31:22 IST" duration-ms="1" status="PASS">
          <reporter-output>
          </reporter-output>
        </test-method> <!-- configAT -->
        <test-method is-config="true" signature="configAS()[pri:0, instance:com.comcast.crm.createContactTest.CreateOrgWithContactTest@3eb7fc54]" started-at="2025-11-25T12:31:22 IST" name="configAS" finished-at="2025-11-25T12:31:22 IST" duration-ms="0" status="PASS">
          <reporter-output>
          </reporter-output>
        </test-method> <!-- configAS -->
      </class> <!-- com.comcast.crm.createContactTest.CreateOrgWithContactTest -->
      <class name="com.comcast.crm.createOrgTest.CreateOrgTest">
        <test-method is-config="true" signature="configBC(java.lang.String)[pri:0, instance:com.comcast.crm.createOrgTest.CreateOrgTest@1b1473ab]" started-at="2025-11-25T12:30:17 IST" name="configBC" finished-at="2025-11-25T12:30:49 IST" duration-ms="31881" status="PASS">
          <params>
            <param index="0">
              <value>
                <![CDATA[chrome]]>
              </value>
            </param>
          </params>
          <reporter-output>
          </reporter-output>
        </test-method> <!-- configBC -->
        <test-method is-config="true" signature="configBM()[pri:0, instance:com.comcast.crm.createOrgTest.CreateOrgTest@1b1473ab]" started-at="2025-11-25T12:30:49 IST" name="configBM" finished-at="2025-11-25T12:31:03 IST" duration-ms="14209" status="PASS">
          <reporter-output>
          </reporter-output>
        </test-method> <!-- configBM -->
        <test-method signature="createOrg()[pri:0, instance:com.comcast.crm.createOrgTest.CreateOrgTest@1b1473ab]" started-at="2025-11-25T12:31:03 IST" name="createOrg" finished-at="2025-11-25T12:31:11 IST" duration-ms="8166" status="PASS">
          <reporter-output>
            <line>
              <![CDATA[[ ACC41460 ] SnapDeal_333 - Organization Information created successfully]]>
            </line>
          </reporter-output>
        </test-method> <!-- createOrg -->
        <test-method is-config="true" signature="configAM()[pri:0, instance:com.comcast.crm.createOrgTest.CreateOrgTest@1b1473ab]" started-at="2025-11-25T12:31:11 IST" name="configAM" finished-at="2025-11-25T12:31:21 IST" duration-ms="9963" status="PASS">
          <reporter-output>
          </reporter-output>
        </test-method> <!-- configAM -->
        <test-method is-config="true" signature="configAC()[pri:0, instance:com.comcast.crm.createOrgTest.CreateOrgTest@1b1473ab]" started-at="2025-11-25T12:31:21 IST" name="configAC" finished-at="2025-11-25T12:31:22 IST" duration-ms="571" status="PASS">
          <reporter-output>
          </reporter-output>
        </test-method> <!-- configAC -->
      </class> <!-- com.comcast.crm.createOrgTest.CreateOrgTest -->
    </test> <!-- Test -->
  </suite> <!-- Suite -->
</testng-results>
