<?xml version="1.0" encoding="UTF-8"?>
<testsuite xmlns:xsi="http://www.w3.org/2001/XMLSchema-instance" xsi:noNamespaceSchemaLocation="https://maven.apache.org/surefire/maven-surefire-plugin/xsd/surefire-test-report-3.0.xsd" version="3.0" name="TestSuite" time="119.121" tests="3" errors="0" skipped="0" failures="0">
  <properties>
[...]
</properties>
  <testcase name="createCampaign" classname="com.comcast.crm.createContactTest.CreateOrgWithContactTest" time="7.248">
    <system-out><![CDATA[festiveOffer_381	 campaign created successfully
]]></system-out>
    <system-err><![CDATA[SLF4J: Failed to load class "org.slf4j.impl.StaticLoggerBinder".
SLF4J: Defaulting to no-operation (NOP) logger implementation
SLF4J: See http://www.slf4j.org/codes.html#StaticLoggerBinder for further details.
Nov 25, 2025 12:29:32 PM org.openqa.selenium.devtools.CdpVersionFinder findNearestMatch
WARNING: Unable to find an exact match for CDP version 142, returning the closest version; found: 138; Please update to a Selenium version that supports CDP version 142
]]></system-err>
  </testcase>
  <testcase name="createOrgwithcontact" classname="com.comcast.crm.createContactTest.CreateOrgWithContactTest" time="12.314">
    <system-out><![CDATA[contact is created with org name successfully
]]></system-out>
  </testcase>
  <testcase name="createOrg" classname="com.comcast.crm.createOrgTest.CreateOrgTest" time="8.172">
    <system-out><![CDATA[[ ACC41460 ] SnapDeal_333 - Organization Information created successfully
]]></system-out>
    <system-err><![CDATA[Nov 25, 2025 12:30:49 PM org.openqa.selenium.devtools.CdpVersionFinder findNearestMatch
WARNING: Unable to find an exact match for CDP version 142, returning the closest version; found: 138; Please update to a Selenium version that supports CDP version 142
]]></system-err>
  </testcase>
</testsuite>