<?xml version="1.0" encoding="UTF-8"?>
<testng-results ignored="0" total="1" passed="0" failed="1" skipped="0">
  <reporter-output>
  </reporter-output>
  <suite started-at="2025-11-24T14:51:22 IST" name="Default suite" finished-at="2025-11-24T14:52:00 IST" duration-ms="37447">
    <groups>
    </groups>
    <test started-at="2025-11-24T14:51:22 IST" name="Default test" finished-at="2025-11-24T14:52:00 IST" duration-ms="37447">
      <class name="practise.test.Sample1_Test">
        <test-method is-config="true" signature="configBS()[pri:0, instance:practise.test.Sample1_Test@712625fd]" started-at="2025-11-24T14:51:22 IST" name="configBS" finished-at="2025-11-24T14:51:22 IST" duration-ms="38" status="PASS">
          <reporter-output>
          </reporter-output>
        </test-method> <!-- configBS -->
        <test-method is-config="true" signature="configBT()[pri:0, instance:practise.test.Sample1_Test@712625fd]" started-at="2025-11-24T14:51:22 IST" name="configBT" finished-at="2025-11-24T14:51:22 IST" duration-ms="2" status="PASS">
          <reporter-output>
          </reporter-output>
        </test-method> <!-- configBT -->
        <test-method is-config="true" signature="configBC(java.lang.String)[pri:0, instance:practise.test.Sample1_Test@712625fd]" started-at="2025-11-24T14:51:22 IST" name="configBC" finished-at="2025-11-24T14:51:37 IST" duration-ms="14622" status="PASS">
          <params>
            <param index="0">
              <value>
                <![CDATA[chrome]]>
              </value>
            </param>
          </params>
          <reporter-output>
          </reporter-output>
        </test-method> <!-- configBC -->
        <test-method is-config="true" signature="configBM()[pri:0, instance:practise.test.Sample1_Test@712625fd]" started-at="2025-11-24T14:51:37 IST" name="configBM" finished-at="2025-11-24T14:51:52 IST" duration-ms="15356" status="PASS">
          <reporter-output>
          </reporter-output>
        </test-method> <!-- configBM -->
        <test-method signature="sampleTest()[pri:0, instance:practise.test.Sample1_Test@712625fd]" started-at="2025-11-24T14:51:52 IST" name="sampleTest" finished-at="2025-11-24T14:51:53 IST" duration-ms="68" status="FAIL">
          <exception class="java.lang.AssertionError">
            <message>
              <![CDATA[expected [Admin123@ Administrator1 - Home - vtiger CRM 5 - Commercial Open Source CRM] but found [home]]]>
            </message>
            <full-stacktrace>
              <![CDATA[java.lang.AssertionError: expected [Admin123@ Administrator1 - Home - vtiger CRM 5 - Commercial Open Source CRM] but found [home]
at org.testng.Assert.fail(Assert.java:111)
at org.testng.Assert.failNotEquals(Assert.java:1578)
at org.testng.Assert.assertEqualsImpl(Assert.java:150)
at org.testng.Assert.assertEquals(Assert.java:132)
at org.testng.Assert.assertEquals(Assert.java:656)
at org.testng.Assert.assertEquals(Assert.java:666)
at practise.test.Sample1_Test.sampleTest(Sample1_Test.java:18)
at java.base/jdk.internal.reflect.DirectMethodHandleAccessor.invoke(DirectMethodHandleAccessor.java:103)
at java.base/java.lang.reflect.Method.invoke(Method.java:580)
at org.testng.internal.invokers.MethodInvocationHelper.invokeMethod(MethodInvocationHelper.java:139)
at org.testng.internal.invokers.TestInvoker.invokeMethod(TestInvoker.java:664)
at org.testng.internal.invokers.TestInvoker.invokeTestMethod(TestInvoker.java:227)
at org.testng.internal.invokers.MethodRunner.runInSequence(MethodRunner.java:50)
at org.testng.internal.invokers.TestInvoker$MethodInvocationAgent.invoke(TestInvoker.java:957)
at org.testng.internal.invokers.TestInvoker.invokeTestMethods(TestInvoker.java:200)
at org.testng.internal.invokers.TestMethodWorker.invokeTestMethods(TestMethodWorker.java:148)
at org.testng.internal.invokers.TestMethodWorker.run(TestMethodWorker.java:128)
at java.base/java.util.ArrayList.forEach(ArrayList.java:1596)
at org.testng.TestRunner.privateRun(TestRunner.java:848)
at org.testng.TestRunner.run(TestRunner.java:621)
at org.testng.SuiteRunner.runTest(SuiteRunner.java:443)
at org.testng.SuiteRunner.runSequentially(SuiteRunner.java:437)
at org.testng.SuiteRunner.privateRun(SuiteRunner.java:397)
at org.testng.SuiteRunner.run(SuiteRunner.java:336)
at org.testng.SuiteRunnerWorker.runSuite(SuiteRunnerWorker.java:52)
at org.testng.SuiteRunnerWorker.run(SuiteRunnerWorker.java:95)
at org.testng.TestNG.runSuitesSequentially(TestNG.java:1280)
at org.testng.TestNG.runSuitesLocally(TestNG.java:1200)
at org.testng.TestNG.runSuites(TestNG.java:1114)
at org.testng.TestNG.run(TestNG.java:1082)
at org.testng.remote.AbstractRemoteTestNG.run(AbstractRemoteTestNG.java:115)
at org.testng.remote.RemoteTestNG.initAndRun(RemoteTestNG.java:293)
at org.testng.remote.RemoteTestNG.main(RemoteTestNG.java:91)
]]>
            </full-stacktrace>
          </exception> <!-- java.lang.AssertionError -->
          <reporter-output>
          </reporter-output>
        </test-method> <!-- sampleTest -->
        <test-method is-config="true" signature="configAM()[pri:0, instance:practise.test.Sample1_Test@712625fd]" started-at="2025-11-24T14:51:53 IST" name="configAM" finished-at="2025-11-24T14:51:59 IST" duration-ms="6439" status="PASS">
          <reporter-output>
          </reporter-output>
        </test-method> <!-- configAM -->
        <test-method is-config="true" signature="configAC()[pri:0, instance:practise.test.Sample1_Test@712625fd]" started-at="2025-11-24T14:51:59 IST" name="configAC" finished-at="2025-11-24T14:52:00 IST" duration-ms="641" status="PASS">
          <reporter-output>
          </reporter-output>
        </test-method> <!-- configAC -->
        <test-method is-config="true" signature="configAT()[pri:0, instance:practise.test.Sample1_Test@712625fd]" started-at="2025-11-24T14:52:00 IST" name="configAT" finished-at="2025-11-24T14:52:00 IST" duration-ms="1" status="PASS">
          <reporter-output>
          </reporter-output>
        </test-method> <!-- configAT -->
        <test-method is-config="true" signature="configAS()[pri:0, instance:practise.test.Sample1_Test@712625fd]" started-at="2025-11-24T14:52:00 IST" name="configAS" finished-at="2025-11-24T14:52:00 IST" duration-ms="1" status="PASS">
          <reporter-output>
          </reporter-output>
        </test-method> <!-- configAS -->
      </class> <!-- practise.test.Sample1_Test -->
    </test> <!-- Default test -->
  </suite> <!-- Default suite -->
</testng-results>
