<?xml version="1.0" encoding="UTF-8"?>
<!-- Generated by org.testng.reporters.JUnitXMLReporter -->
<testsuite ignored="0" hostname="DESKTOP-0KGFQH7" failures="0" tests="3" name="Test-runner-2" time="57.937" errors="0" timestamp="2025-11-24T12:37:28 IST">
  <testcase classname="com.comcast.crm.createContactTest.CreateOrgWithContactTest" name="createCampaign" time="7.439"/>
  <testcase classname="com.comcast.crm.createContactTest.CreateOrgWithContactTest" name="createOrgwithcontact" time="9.35"/>
  <testcase classname="com.comcast.crm.createContactTest.CreateOrgWithContactTest" name="createcontactwithSupportDate" time="0.0">
    <skipped/>
  </testcase> <!-- createcontactwithSupportDate -->
</testsuite> <!-- Test-runner-2 -->
