<?xml version="1.0" encoding="UTF-8"?>
<!-- Generated by org.testng.reporters.JUnitReportReporter -->
<testsuite hostname="DESKTOP-0KGFQH7" failures="0" tests="2" name="CreateOrgTest" time="40.390" errors="0" timestamp="2025-11-24T15:22:48 IST" skipped="0">
  <testcase classname="CreateOrgTest" name="createOrg" time="18.119"/>
  <testcase classname="CreateOrgTest" name="createOrg" time="22.271"/>
  <system-out>
    <![CDATA[festiveOffer_389 campaign created successfully
contact is created with org name successfully
contact created successfully with support Date
[ ACC41435 ] SnapDeal_974 - Organization Information created successfully
Electronics industry Name is correct
Integratorfor Indusrty type is correct]]>
  </system-out>
</testsuite> <!-- CreateOrgTest -->
