<?xml version="1.0" encoding="UTF-8"?>
<!-- Generated by org.testng.reporters.JUnitReportReporter -->
<testsuite hostname="DESKTOP-0KGFQH7" failures="0" tests="2" name="com.comcast.crm.createContactTest.CreateOrgWithContactTest" time="43.473" errors="0" timestamp="2025-11-25T12:31:22 IST" skipped="0">
  <testcase classname="com.comcast.crm.createContactTest.CreateOrgWithContactTest" name="createOrgwithcontact" time="20.287">
    <system-out>
      <![CDATA[contact is created with org name successfully]]>
    </system-out>
  </testcase> <!-- createOrgwithcontact -->
  <testcase classname="com.comcast.crm.createContactTest.CreateOrgWithContactTest" name="createCampaign" time="23.186">
    <system-out>
      <![CDATA[festiveOffer_381 campaign created successfully]]>
    </system-out>
  </testcase> <!-- createCampaign -->
  <system-out>
    <![CDATA[festiveOffer_381 campaign created successfully
contact is created with org name successfully
[ ACC41460 ] SnapDeal_333 - Organization Information created successfully]]>
  </system-out>
</testsuite> <!-- com.comcast.crm.createContactTest.CreateOrgWithContactTest -->
