<?xml version="1.0" encoding="UTF-8"?>
<!-- Generated by org.testng.reporters.JUnitReportReporter -->
<testsuite hostname="DESKTOP-0KGFQH7" failures="0" tests="1" name="com.comcast.crm.createOrgTest.CreateOrgTest" time="32.338" errors="0" timestamp="2025-11-25T12:31:22 IST" skipped="0">
  <testcase classname="com.comcast.crm.createOrgTest.CreateOrgTest" name="createOrg" time="32.338">
    <system-out>
      <![CDATA[[ ACC41460 ] SnapDeal_333 - Organization Information created successfully]]>
    </system-out>
  </testcase> <!-- createOrg -->
  <system-out>
    <![CDATA[festiveOffer_381 campaign created successfully
contact is created with org name successfully
[ ACC41460 ] SnapDeal_333 - Organization Information created successfully]]>
  </system-out>
</testsuite> <!-- com.comcast.crm.createOrgTest.CreateOrgTest -->
