<?xml version="1.0" encoding="UTF-8"?>
<!-- Generated by org.testng.reporters.JUnitXMLReporter -->
<testsuite ignored="7" hostname="DESKTOP-0KGFQH7" failures="0" tests="3" name="Test" time="117.865" errors="0" timestamp="2025-11-25T12:31:22 IST">
  <testcase classname="com.comcast.crm.createContactTest.CreateOrgWithContactTest" name="createCampaign" time="7.249"/>
  <testcase classname="com.comcast.crm.createContactTest.CreateOrgWithContactTest" name="createOrgwithcontact" time="12.311"/>
  <testcase classname="com.comcast.crm.createOrgTest.CreateOrgTest" name="createOrg" time="8.166"/>
  <testcase classname="com.comcast.crm.BaseClassUtility.BaseClass" name="@BeforeSuite configBS" time="0.0">
    <ignored/>
  </testcase> <!-- @BeforeSuite configBS -->
  <testcase classname="com.comcast.crm.createOrgTest.CreateOrgTest" name="createOrgwithPhoneNumber" time="0.0">
    <ignored/>
  </testcase> <!-- createOrgwithPhoneNumber -->
  <testcase classname="com.comcast.crm.createOrgTest.CreateOrgTest" name="createOrgwithIndusrty" time="0.0">
    <ignored/>
  </testcase> <!-- createOrgwithIndusrty -->
  <testcase classname="com.comcast.crm.BaseClassUtility.BaseClass" name="@AfterTest configAT" time="0.0">
    <ignored/>
  </testcase> <!-- @AfterTest configAT -->
  <testcase classname="com.comcast.crm.createContactTest.CreateOrgWithContactTest" name="createcontactwithSupportDate" time="0.0">
    <ignored/>
  </testcase> <!-- createcontactwithSupportDate -->
  <testcase classname="com.comcast.crm.BaseClassUtility.BaseClass" name="@BeforeTest configBT" time="0.0">
    <ignored/>
  </testcase> <!-- @BeforeTest configBT -->
  <testcase classname="com.comcast.crm.BaseClassUtility.BaseClass" name="@AfterSuite configAS" time="0.0">
    <ignored/>
  </testcase> <!-- @AfterSuite configAS -->
</testsuite> <!-- Test -->
