<?xml version="1.0" encoding="UTF-8"?>
<!-- Generated by org.testng.reporters.JUnitXMLReporter -->
<testsuite ignored="0" hostname="DESKTOP-0KGFQH7" failures="1" tests="1" name="Test" time="18.494" errors="0" timestamp="2025-11-25T14:57:43 IST">
  <testcase classname="practise.test.Sample1_Test" name="sampleTest" time="1.571">
    <failure type="java.lang.AssertionError" message="expected [Admin123@ Administrator1 - Home - vtiger CRM 5 - Commercial Open Source CRM] but found [home]">
      <![CDATA[java.lang.AssertionError: expected [Admin123@ Administrator1 - Home - vtiger CRM 5 - Commercial Open Source CRM] but found [home]
at practise.test.Sample1_Test.sampleTest(Sample1_Test.java:18)
at java.base/java.util.ArrayList.forEach(ArrayList.java:1604)
... Removed 35 stack frames]]>
    </failure>
  </testcase> <!-- sampleTest -->
</testsuite> <!-- Test -->
