<?xml version="1.0" encoding="UTF-8"?>
<!-- Generated by org.testng.reporters.JUnitXMLReporter -->
<testsuite ignored="0" hostname="DESKTOP-0KGFQH7" failures="0" tests="3" name="Default test" time="44.308" errors="0" timestamp="2025-11-21T12:39:42 IST">
  <testcase classname="com.comcast.crm.createContactTest.CreateOrgWithContactAndSelectOrgName" name="createCampaign" time="4.053"/>
  <testcase classname="com.comcast.crm.createContactTest.CreateOrgWithContactAndSelectOrgName" name="createOrgwithcontact" time="7.842"/>
  <testcase classname="com.comcast.crm.createContactTest.CreateOrgWithContactAndSelectOrgName" name="createcontactwithSupportDate" time="5.443"/>
</testsuite> <!-- Default test -->
