<?xml version="1.0" encoding="UTF-8"?>
<!-- Generated by org.testng.reporters.JUnitXMLReporter -->
<testsuite ignored="12" hostname="DESKTOP-0KGFQH7" failures="0" tests="9" name="Surefire test" time="0.23" errors="0" timestamp="2025-11-25T14:43:48 IST">
  <testcase classname="com.comcast.crm.BaseClassUtility.BaseClass" name="@BeforeClass configBC" time="0.048">
    <failure type="java.lang.NullPointerException" message="Cannot invoke &amp;quot;String.equals(Object)&amp;quot; because &amp;quot;browser&amp;quot; is null">
      <![CDATA[java.lang.NullPointerException: Cannot invoke "String.equals(Object)" because "browser" is null
at com.comcast.crm.BaseClassUtility.BaseClass.configBC(BaseClass.java:55)
at java.base/java.util.ArrayList.forEach(ArrayList.java:1604)
... Removed 28 stack frames]]>
    </failure>
  </testcase> <!-- @BeforeClass configBC -->
  <testcase classname="com.comcast.crm.BaseClassUtility.BaseClass" name="@BeforeMethod configBM" time="0.0">
    <skipped/>
  </testcase> <!-- @BeforeMethod configBM -->
  <testcase classname="com.comcast.crm.BaseClassUtility.BaseClass" name="@AfterMethod configAM" time="0.0">
    <skipped/>
  </testcase> <!-- @AfterMethod configAM -->
  <testcase classname="com.comcast.crm.BaseClassUtility.BaseClass" name="@BeforeMethod configBM" time="0.0">
    <skipped/>
  </testcase> <!-- @BeforeMethod configBM -->
  <testcase classname="com.comcast.crm.BaseClassUtility.BaseClass" name="@AfterMethod configAM" time="0.0">
    <skipped/>
  </testcase> <!-- @AfterMethod configAM -->
  <testcase classname="com.comcast.crm.BaseClassUtility.BaseClass" name="@BeforeMethod configBM" time="0.0">
    <skipped/>
  </testcase> <!-- @BeforeMethod configBM -->
  <testcase classname="com.comcast.crm.BaseClassUtility.BaseClass" name="@AfterMethod configAM" time="0.0">
    <skipped/>
  </testcase> <!-- @AfterMethod configAM -->
  <testcase classname="com.comcast.crm.BaseClassUtility.BaseClass" name="@AfterClass configAC" time="0.0">
    <skipped/>
  </testcase> <!-- @AfterClass configAC -->
  <testcase classname="com.comcast.crm.BaseClassUtility.BaseClass" name="@BeforeClass configBC" time="0.001">
    <failure type="java.lang.NullPointerException" message="Cannot invoke &amp;quot;String.equals(Object)&amp;quot; because &amp;quot;browser&amp;quot; is null">
      <![CDATA[java.lang.NullPointerException: Cannot invoke "String.equals(Object)" because "browser" is null
at com.comcast.crm.BaseClassUtility.BaseClass.configBC(BaseClass.java:55)
at java.base/java.util.ArrayList.forEach(ArrayList.java:1604)
... Removed 28 stack frames]]>
    </failure>
  </testcase> <!-- @BeforeClass configBC -->
  <testcase classname="com.comcast.crm.BaseClassUtility.BaseClass" name="@BeforeMethod configBM" time="0.0">
    <skipped/>
  </testcase> <!-- @BeforeMethod configBM -->
  <testcase classname="com.comcast.crm.BaseClassUtility.BaseClass" name="@AfterMethod configAM" time="0.0">
    <skipped/>
  </testcase> <!-- @AfterMethod configAM -->
  <testcase classname="com.comcast.crm.BaseClassUtility.BaseClass" name="@BeforeMethod configBM" time="0.0">
    <skipped/>
  </testcase> <!-- @BeforeMethod configBM -->
  <testcase classname="com.comcast.crm.BaseClassUtility.BaseClass" name="@AfterMethod configAM" time="0.0">
    <skipped/>
  </testcase> <!-- @AfterMethod configAM -->
  <testcase classname="com.comcast.crm.BaseClassUtility.BaseClass" name="@BeforeMethod configBM" time="0.0">
    <skipped/>
  </testcase> <!-- @BeforeMethod configBM -->
  <testcase classname="com.comcast.crm.BaseClassUtility.BaseClass" name="@AfterMethod configAM" time="0.0">
    <skipped/>
  </testcase> <!-- @AfterMethod configAM -->
  <testcase classname="com.comcast.crm.BaseClassUtility.BaseClass" name="@AfterClass configAC" time="0.0">
    <skipped/>
  </testcase> <!-- @AfterClass configAC -->
  <testcase classname="com.comcast.crm.BaseClassUtility.BaseClass" name="@BeforeClass configBC" time="0.001">
    <failure type="java.lang.NullPointerException" message="Cannot invoke &amp;quot;String.equals(Object)&amp;quot; because &amp;quot;browser&amp;quot; is null">
      <![CDATA[java.lang.NullPointerException: Cannot invoke "String.equals(Object)" because "browser" is null
at com.comcast.crm.BaseClassUtility.BaseClass.configBC(BaseClass.java:55)
at java.base/java.util.ArrayList.forEach(ArrayList.java:1604)
... Removed 28 stack frames]]>
    </failure>
  </testcase> <!-- @BeforeClass configBC -->
  <testcase classname="com.comcast.crm.BaseClassUtility.BaseClass" name="@BeforeMethod configBM" time="0.0">
    <skipped/>
  </testcase> <!-- @BeforeMethod configBM -->
  <testcase classname="com.comcast.crm.BaseClassUtility.BaseClass" name="@AfterMethod configAM" time="0.0">
    <skipped/>
  </testcase> <!-- @AfterMethod configAM -->
  <testcase classname="com.comcast.crm.BaseClassUtility.BaseClass" name="@BeforeMethod configBM" time="0.0">
    <skipped/>
  </testcase> <!-- @BeforeMethod configBM -->
  <testcase classname="com.comcast.crm.BaseClassUtility.BaseClass" name="@AfterMethod configAM" time="0.0">
    <skipped/>
  </testcase> <!-- @AfterMethod configAM -->
  <testcase classname="com.comcast.crm.BaseClassUtility.BaseClass" name="@AfterClass configAC" time="0.0">
    <skipped/>
  </testcase> <!-- @AfterClass configAC -->
  <testcase classname="com.comcast.crm.BaseClassUtility.BaseClass" name="@BeforeClass configBC" time="0.002">
    <failure type="java.lang.NullPointerException" message="Cannot invoke &amp;quot;String.equals(Object)&amp;quot; because &amp;quot;browser&amp;quot; is null">
      <![CDATA[java.lang.NullPointerException: Cannot invoke "String.equals(Object)" because "browser" is null
at com.comcast.crm.BaseClassUtility.BaseClass.configBC(BaseClass.java:55)
at java.base/java.util.ArrayList.forEach(ArrayList.java:1604)
... Removed 28 stack frames]]>
    </failure>
  </testcase> <!-- @BeforeClass configBC -->
  <testcase classname="com.comcast.crm.BaseClassUtility.BaseClass" name="@BeforeMethod configBM" time="0.0">
    <skipped/>
  </testcase> <!-- @BeforeMethod configBM -->
  <testcase classname="com.comcast.crm.BaseClassUtility.BaseClass" name="@AfterMethod configAM" time="0.0">
    <skipped/>
  </testcase> <!-- @AfterMethod configAM -->
  <testcase classname="com.comcast.crm.BaseClassUtility.BaseClass" name="@AfterClass configAC" time="0.0">
    <skipped/>
  </testcase> <!-- @AfterClass configAC -->
  <testcase classname="com.comcast.crm.createContactTest.CreateOrgWithContactTest" name="createCampaign" time="0.0">
    <skipped/>
  </testcase> <!-- createCampaign -->
  <testcase classname="com.comcast.crm.createContactTest.CreateOrgWithContactTest" name="createOrgwithcontact" time="0.0">
    <skipped/>
  </testcase> <!-- createOrgwithcontact -->
  <testcase classname="com.comcast.crm.createContactTest.CreateOrgWithContactTest" name="createcontactwithSupportDate" time="0.0">
    <skipped/>
  </testcase> <!-- createcontactwithSupportDate -->
  <testcase classname="com.comcast.crm.createOrgTest.CreateOrgTest" name="createOrg" time="0.0">
    <skipped/>
  </testcase> <!-- createOrg -->
  <testcase classname="com.comcast.crm.createOrgTest.CreateOrgTest" name="createOrgwithIndusrty" time="0.0">
    <skipped/>
  </testcase> <!-- createOrgwithIndusrty -->
  <testcase classname="com.comcast.crm.createOrgTest.CreateOrgTest" name="createOrgwithPhoneNumber" time="0.0">
    <skipped/>
  </testcase> <!-- createOrgwithPhoneNumber -->
  <testcase classname="CreateOrgTest" name="createOrg" time="0.001">
    <skipped/>
  </testcase> <!-- createOrg -->
  <testcase classname="CreateOrgTest" name="createOrg" time="0.0">
    <skipped/>
  </testcase> <!-- createOrg -->
  <testcase classname="practise.test.Sample1_Test" name="sampleTest" time="0.0">
    <skipped/>
  </testcase> <!-- sampleTest -->
  <testcase classname="com.comcast.crm.BaseClassUtility.BaseClass" name="@BeforeSuite configBS" time="0.0">
    <ignored/>
  </testcase> <!-- @BeforeSuite configBS -->
  <testcase classname="com.comcast.crm.BaseClassUtility.BaseClass" name="@BeforeSuite configBS" time="0.0">
    <ignored/>
  </testcase> <!-- @BeforeSuite configBS -->
  <testcase classname="com.comcast.crm.BaseClassUtility.BaseClass" name="@BeforeTest configBT" time="0.0">
    <ignored/>
  </testcase> <!-- @BeforeTest configBT -->
  <testcase classname="com.comcast.crm.BaseClassUtility.BaseClass" name="@AfterTest configAT" time="0.0">
    <ignored/>
  </testcase> <!-- @AfterTest configAT -->
  <testcase classname="com.comcast.crm.BaseClassUtility.BaseClass" name="@AfterSuite configAS" time="0.0">
    <ignored/>
  </testcase> <!-- @AfterSuite configAS -->
  <testcase classname="com.comcast.crm.BaseClassUtility.BaseClass" name="@BeforeTest configBT" time="0.0">
    <ignored/>
  </testcase> <!-- @BeforeTest configBT -->
  <testcase classname="com.comcast.crm.BaseClassUtility.BaseClass" name="@AfterSuite configAS" time="0.0">
    <ignored/>
  </testcase> <!-- @AfterSuite configAS -->
  <testcase classname="com.comcast.crm.BaseClassUtility.BaseClass" name="@AfterTest configAT" time="0.0">
    <ignored/>
  </testcase> <!-- @AfterTest configAT -->
  <testcase classname="com.comcast.crm.BaseClassUtility.BaseClass" name="@BeforeTest configBT" time="0.0">
    <ignored/>
  </testcase> <!-- @BeforeTest configBT -->
  <testcase classname="com.comcast.crm.BaseClassUtility.BaseClass" name="@AfterSuite configAS" time="0.0">
    <ignored/>
  </testcase> <!-- @AfterSuite configAS -->
  <testcase classname="com.comcast.crm.BaseClassUtility.BaseClass" name="@AfterTest configAT" time="0.0">
    <ignored/>
  </testcase> <!-- @AfterTest configAT -->
  <testcase classname="com.comcast.crm.BaseClassUtility.BaseClass" name="@BeforeSuite configBS" time="0.0">
    <ignored/>
  </testcase> <!-- @BeforeSuite configBS -->
</testsuite> <!-- Surefire test -->
