<?xml version="1.0" encoding="UTF-8"?>
<!-- Generated by org.testng.reporters.JUnitReportReporter -->
<testsuite hostname="DESKTOP-0KGFQH7" failures="0" tests="1" name="CreateProductAndInvoice" time="22.457" errors="0" timestamp="2025-11-22T13:02:25 IST" skipped="0">
  <testcase classname="CreateProductAndInvoice" name="createProductAndInvoice" time="22.457">
    <system-out>
      <![CDATA[Product is created successfully and Invoice is generated for product]]>
    </system-out>
  </testcase> <!-- createProductAndInvoice -->
  <system-out>
    <![CDATA[Product is created successfully and Invoice is generated for product]]>
  </system-out>
</testsuite> <!-- CreateProductAndInvoice -->
