<?xml version="1.0" encoding="UTF-8"?>
<!-- Generated by org.testng.reporters.JUnitReportReporter -->
<testsuite hostname="DESKTOP-0KGFQH7" failures="0" tests="1" name="CreateCampaignAndDelete" time="16.641" errors="0" timestamp="2025-11-22T12:18:06 IST" skipped="0">
  <testcase classname="CreateCampaignAndDelete" name="campaignTest" time="16.641">
    <system-out>
      <![CDATA[festiveOffer_78 is created successfully and deleted same campaign successfully]]>
    </system-out>
  </testcase> <!-- campaignTest -->
  <system-out>
    <![CDATA[festiveOffer_78 is created successfully and deleted same campaign successfully]]>
  </system-out>
</testsuite> <!-- CreateCampaignAndDelete -->
