<?xml version="1.0" encoding="UTF-8"?>
<!-- Generated by org.testng.reporters.JUnitReportReporter -->
<testsuite hostname="DESKTOP-0KGFQH7" failures="0" tests="1" name="CreatecalendarEvent" time="18.162" errors="0" timestamp="2025-11-22T11:35:20 IST" skipped="0">
  <testcase classname="CreatecalendarEvent" name="createlead" time="18.162">
    <system-out>
      <![CDATA[Lead is Created Successfully]]>
    </system-out>
  </testcase> <!-- createlead -->
  <system-out>
    <![CDATA[Lead is Created Successfully]]>
  </system-out>
</testsuite> <!-- CreatecalendarEvent -->
