<?xml version="1.0" encoding="UTF-8"?>
<!-- Generated by org.testng.reporters.JUnitReportReporter -->
<testsuite hostname="DESKTOP-0KGFQH7" failures="0" tests="1" name="CreateLead" time="21.195" errors="0" timestamp="2025-11-22T12:42:02 IST" skipped="0">
  <testcase classname="CreateLead" name="createlead" time="21.195">
    <system-out>
      <![CDATA[Lead is created successfully with Event Name]]>
    </system-out>
  </testcase> <!-- createlead -->
  <system-out>
    <![CDATA[Lead is created successfully with Event Name]]>
  </system-out>
</testsuite> <!-- CreateLead -->
